# data1
1: (    push    []
2:      pass    ['(']
3: (    push    ['(']
4:      pass    ['(', '(']
5: (    push    ['(', '(']
6:      pass    ['(', '(', '(']
7: x    pass    ['(', '(', '(']
8:      pass    ['(', '(', '(']
9: )    pop
10:     pass    ['(', '(']
11: )   pop
12:     pass    ['(']
13: )   pop
OK
# data2
1: 2    pass    []
2: [    push    []
3: 3    pass    ['[']
4:      pass    ['[']
5: 5    pass    ['[']
6: (    push    ['[']
7: 7    pass    ['[', '(']
8: {    push    ['[', '(']
9: 1    pass    ['[', '(', '{']
10: 1   pass    ['[', '(', '{']
11: }   pop
12: 1   pass    ['[', '(']
13: 3   pass    ['[', '(']
14: )   pop
15: 1   pass    ['[']
16: 7   pass    ['[']
17: ]   pop
18: 1   pass    []
19: 9   pass    []
OK
# data3
1: {    push    []
2:      pass    ['{']
3: {    push    ['{']
4: x    pass    ['{', '{']
5: (    push    ['{', '{']
6: y    pass    ['{', '{', '(']
7: )    pop
8: (    push    ['{', '{']
9: (    push    ['{', '{', '(']
10: z   pass    ['{', '{', '(', '(']
11: )   pop
12:     pass    ['{', '{', '(']
13: x   pass    ['{', '{', '(']
14: )   pop
15:     pass    ['{', '{']
16: {   push    ['{', '{']
17: x   pass    ['{', '{', '{']
18: }   pop
19:     pass    ['{', '{']
20: {   push    ['{', '{']
21: y   pass    ['{', '{', '{']
22: }   pop
23:     pass    ['{', '{']
24: }   pop
error